<?xml version="1.0" encoding="UTF-8"?>
<!-- Generated by org.testng.reporters.JUnitReportReporter -->
<testsuite hostname="DESKTOP-5C3OUTB" failures="0" tests="2" name="com.facebook.qa.test.LoginPageTest" time="15.115" errors="0" timestamp="2022-09-06T15:29:53 IST" skipped="0">
  <testcase classname="com.facebook.qa.test.LoginPageTest" name="FB_logoTest" time="10.238"/>
  <system-out/>
  <testcase classname="com.facebook.qa.test.LoginPageTest" name="loginTest" time="4.877"/>
  <system-out/>
</testsuite> <!-- com.facebook.qa.test.LoginPageTest -->
